<?xml version="1.0" encoding="UTF-8"?>
<!-- Generated by org.testng.reporters.JUnitReportReporter -->
<testsuite skipped="0" hostname="Suneela-MBP.local" name="script.Test1" tests="1" failures="0" timestamp="17 Aug 2021 15:10:13 GMT" time="3.341" errors="0">
  <testcase name="testA" time="3.341" classname="script.Test1"/>
</testsuite> <!-- script.Test1 -->
