<?xml version="1.0" encoding="UTF-8"?>
<!-- Generated by org.testng.reporters.JUnitReportReporter -->
<testsuite skipped="0" hostname="Suneela-MBP.local" name="Aug17.ExcelDemo" tests="1" failures="0" timestamp="17 Aug 2021 14:44:32 GMT" time="0.449" errors="0">
  <testcase name="testExcel" time="0.449" classname="Aug17.ExcelDemo"/>
</testsuite> <!-- Aug17.ExcelDemo -->
