<?xml version="1.0" encoding="UTF-8"?>
<!-- Generated by org.testng.reporters.JUnitReportReporter -->
<testsuite skipped="0" hostname="Suneela-MBP.local" name="script1.Test1" tests="1" failures="0" timestamp="17 Aug 2021 15:15:16 GMT" time="4.899" errors="0">
  <testcase name="testA" time="4.899" classname="script1.Test1"/>
</testsuite> <!-- script1.Test1 -->
